<?xml version="1.0" encoding="UTF-8"?>
<!-- Generated by org.testng.reporters.JUnitReportReporter -->
<testsuite hostname="LAPTOP-LJL6DENC" failures="0" tests="1" name="scripting.ThirdSenario" time="42.139" errors="0" timestamp="2022-11-05T23:42:28 CET" skipped="0">
  <testcase classname="scripting.ThirdSenario" name="ts" time="42.139"/>
  <system-out/>
</testsuite> <!-- scripting.ThirdSenario -->
