<?xml version="1.0" encoding="UTF-8"?>
<!-- Generated by org.testng.reporters.JUnitReportReporter -->
<testsuite hostname="LAPTOP-LJL6DENC" failures="0" tests="1" name="scripting.SecondSenarioExecution" time="29.861" errors="0" timestamp="2022-11-05T15:47:12 CET" skipped="0">
  <testcase classname="scripting.SecondSenarioExecution" name="sse" time="29.861"/>
  <system-out/>
</testsuite> <!-- scripting.SecondSenarioExecution -->
