<?xml version="1.0" encoding="UTF-8"?>
<!-- Generated by org.testng.reporters.JUnitReportReporter -->
<testsuite hostname="LAPTOP-LJL6DENC" failures="0" tests="1" name="scripting.Execution" time="13.072" errors="0" timestamp="2022-11-03T20:55:22 CET" skipped="0">
  <testcase classname="scripting.Execution" name="exe" time="13.072"/>
  <system-out/>
</testsuite> <!-- scripting.Execution -->
